{"message":"500 - _login2.default.login is not a function \n    - /api/v1/login - POST - ::1","level":"error"}
{"message":"500 - _login2.default.login is not a function \n    - /api/v1/login - POST - ::1","level":"error"}
{"message":"404 - Not Found \n    - /api/patch - POST - ::1","level":"error"}
{"message":"500 - _login2.default.login is not a function \n    - /api/v1/login - POST - ::1","level":"error"}
{"message":"500 - _login2.default.login is not a function \n    - /api/v1/login - POST - ::1","level":"error"}
{"message":"500 - _login2.default.login is not a function \n    - /api/v1/login - POST - ::1","level":"error"}
{"message":"500 - _login2.default.login is not a function \n    - /api/v1/login - POST - ::1","level":"error"}
{"message":"500 - _config2.default.warn is not a function \n    - /api/v1/login - POST - ::1","level":"error"}
{"message":"500 - Cannot read property 'code' of undefined \n    - /api/v1/login - POST - ::1","level":"error"}
{"message":"500 - app is not defined \n    - /api/v1/login - POST - ::1","level":"error"}
{"error":{},"level":"error","message":"uncaughtException: x is not defined\nReferenceError: x is not defined\n    at Object.<anonymous> (/Volumes/Passport/Users/miguel/Documents/development/HackerBay/Test1/dist/app.js:49:1)\n    at Module._compile (internal/modules/cjs/loader.js:738:30)\n    at Object.Module._extensions..js (internal/modules/cjs/loader.js:749:10)\n    at Module.load (internal/modules/cjs/loader.js:630:32)\n    at tryModuleLoad (internal/modules/cjs/loader.js:570:12)\n    at Function.Module._load (internal/modules/cjs/loader.js:562:3)\n    at Function.Module.runMain (internal/modules/cjs/loader.js:801:12)\n    at internal/main/run_main_module.js:21:11","stack":"ReferenceError: x is not defined\n    at Object.<anonymous> (/Volumes/Passport/Users/miguel/Documents/development/HackerBay/Test1/dist/app.js:49:1)\n    at Module._compile (internal/modules/cjs/loader.js:738:30)\n    at Object.Module._extensions..js (internal/modules/cjs/loader.js:749:10)\n    at Module.load (internal/modules/cjs/loader.js:630:32)\n    at tryModuleLoad (internal/modules/cjs/loader.js:570:12)\n    at Function.Module._load (internal/modules/cjs/loader.js:562:3)\n    at Function.Module.runMain (internal/modules/cjs/loader.js:801:12)\n    at internal/main/run_main_module.js:21:11","exception":true,"date":"Sat Apr 18 2020 11:59:52 GMT-0400 (Venezuela Time)","process":{"pid":1138,"uid":501,"gid":20,"cwd":"/Volumes/Passport/Users/miguel/Documents/development/HackerBay/Test1","execPath":"/usr/local/Cellar/node/11.10.0/bin/node","version":"v11.10.0","argv":["/usr/local/Cellar/node/11.10.0/bin/node","/Volumes/Passport/Users/miguel/Documents/development/HackerBay/Test1/dist/app.js"],"memoryUsage":{"rss":62406656,"heapTotal":40177664,"heapUsed":26596328,"external":1147355}},"os":{"loadavg":[2.580078125,2.16650390625,2.17578125],"uptime":4397},"trace":[{"column":1,"file":"/Volumes/Passport/Users/miguel/Documents/development/HackerBay/Test1/dist/app.js","function":null,"line":49,"method":null,"native":false},{"column":30,"file":"internal/modules/cjs/loader.js","function":"Module._compile","line":738,"method":"_compile","native":false},{"column":10,"file":"internal/modules/cjs/loader.js","function":"Module._extensions..js","line":749,"method":".js","native":false},{"column":32,"file":"internal/modules/cjs/loader.js","function":"Module.load","line":630,"method":"load","native":false},{"column":12,"file":"internal/modules/cjs/loader.js","function":"tryModuleLoad","line":570,"method":null,"native":false},{"column":3,"file":"internal/modules/cjs/loader.js","function":"Module._load","line":562,"method":"_load","native":false},{"column":12,"file":"internal/modules/cjs/loader.js","function":"Module.runMain","line":801,"method":"runMain","native":false},{"column":11,"file":"internal/main/run_main_module.js","function":null,"line":21,"method":null,"native":false}]}
{"error":{},"level":"error","message":"uncaughtException: x is not defined\nReferenceError: x is not defined\n    at Object.<anonymous> (/Volumes/Passport/Users/miguel/Documents/development/HackerBay/Test1/dist/app.js:49:1)\n    at Module._compile (internal/modules/cjs/loader.js:738:30)\n    at Object.Module._extensions..js (internal/modules/cjs/loader.js:749:10)\n    at Module.load (internal/modules/cjs/loader.js:630:32)\n    at tryModuleLoad (internal/modules/cjs/loader.js:570:12)\n    at Function.Module._load (internal/modules/cjs/loader.js:562:3)\n    at Function.Module.runMain (internal/modules/cjs/loader.js:801:12)\n    at internal/main/run_main_module.js:21:11","stack":"ReferenceError: x is not defined\n    at Object.<anonymous> (/Volumes/Passport/Users/miguel/Documents/development/HackerBay/Test1/dist/app.js:49:1)\n    at Module._compile (internal/modules/cjs/loader.js:738:30)\n    at Object.Module._extensions..js (internal/modules/cjs/loader.js:749:10)\n    at Module.load (internal/modules/cjs/loader.js:630:32)\n    at tryModuleLoad (internal/modules/cjs/loader.js:570:12)\n    at Function.Module._load (internal/modules/cjs/loader.js:562:3)\n    at Function.Module.runMain (internal/modules/cjs/loader.js:801:12)\n    at internal/main/run_main_module.js:21:11","exception":true,"date":"Sat Apr 18 2020 12:02:38 GMT-0400 (Venezuela Time)","process":{"pid":1196,"uid":501,"gid":20,"cwd":"/Volumes/Passport/Users/miguel/Documents/development/HackerBay/Test1","execPath":"/usr/local/Cellar/node/11.10.0/bin/node","version":"v11.10.0","argv":["/usr/local/Cellar/node/11.10.0/bin/node","/Volumes/Passport/Users/miguel/Documents/development/HackerBay/Test1/dist/app.js"],"memoryUsage":{"rss":63799296,"heapTotal":41750528,"heapUsed":23233640,"external":194040}},"os":{"loadavg":[2.85498046875,2.30126953125,2.2158203125],"uptime":4563},"trace":[{"column":1,"file":"/Volumes/Passport/Users/miguel/Documents/development/HackerBay/Test1/dist/app.js","function":null,"line":49,"method":null,"native":false},{"column":30,"file":"internal/modules/cjs/loader.js","function":"Module._compile","line":738,"method":"_compile","native":false},{"column":10,"file":"internal/modules/cjs/loader.js","function":"Module._extensions..js","line":749,"method":".js","native":false},{"column":32,"file":"internal/modules/cjs/loader.js","function":"Module.load","line":630,"method":"load","native":false},{"column":12,"file":"internal/modules/cjs/loader.js","function":"tryModuleLoad","line":570,"method":null,"native":false},{"column":3,"file":"internal/modules/cjs/loader.js","function":"Module._load","line":562,"method":"_load","native":false},{"column":12,"file":"internal/modules/cjs/loader.js","function":"Module.runMain","line":801,"method":"runMain","native":false},{"column":11,"file":"internal/main/run_main_module.js","function":null,"line":21,"method":null,"native":false}]}
{"message":"500 - Cannot read property 'code' of undefined \n    - /api/v1/login - POST - ::1","level":"error"}
{"message":"hfgftyf6vbnJUDFUGuisdhfiu7y8973897983rfjk","level":"error"}
{"message":"500 - Cannot read property 'code' of undefined \n    - /api/v1/login - POST - ::1","level":"error"}
{"message":"hfgftyf6vbnJUDFUGuisdhfiu7y8973897983rfjk","level":"error"}
{"message":"Token undefined","level":"info"}
{"message":"Token undefined","level":"info"}
{"message":"Token undefined","level":"info"}
{"message":"Token undefined","level":"info"}
{"message":"Token undefined","level":"info"}
{"message":"Token undefined","level":"info"}
{"message":"Token ","level":"info"}
{"message":"Token ","level":"info"}
{"message":"Token ","level":"info"}
{"message":"Token ","level":"info"}
{"message":"Token undefined","level":"info"}
{"message":"500 - res.cockie is not a function \n    - /api/v1/login - POST - ::1","level":"error"}
{"message":"500 - looger is not defined \n    - /api/v1/login - POST - ::1","level":"error"}
{"message":"500 - _config2.default.info is not a function \n    - /api/v1/login - POST - ::1","level":"error"}
{"message":"500 - _config2.default.info is not a function \n    - /api/v1/login - POST - ::1","level":"error"}
{"message":"500 - _config2.default.info is not a function \n    - /api/v1/login - POST - ::1","level":"error"}
{"message":"Token undefined","level":"info"}
{"message":"Token undefined","level":"info"}
{"message":"Token undefined","level":"info"}
{"error":{},"level":"error","message":"uncaughtException: cookieParser is not defined\nReferenceError: cookieParser is not defined\n    at Object.<anonymous> (/Volumes/Passport/Users/miguel/Documents/development/HackerBay/Test1/dist/src/api/routes/login.js:19:8)\n    at Module._compile (internal/modules/cjs/loader.js:738:30)\n    at Object.Module._extensions..js (internal/modules/cjs/loader.js:749:10)\n    at Module.load (internal/modules/cjs/loader.js:630:32)\n    at tryModuleLoad (internal/modules/cjs/loader.js:570:12)\n    at Function.Module._load (internal/modules/cjs/loader.js:562:3)\n    at Module.require (internal/modules/cjs/loader.js:667:17)\n    at require (internal/modules/cjs/helpers.js:20:18)\n    at Object.<anonymous> (/Volumes/Passport/Users/miguel/Documents/development/HackerBay/Test1/dist/app.js:11:14)\n    at Module._compile (internal/modules/cjs/loader.js:738:30)","stack":"ReferenceError: cookieParser is not defined\n    at Object.<anonymous> (/Volumes/Passport/Users/miguel/Documents/development/HackerBay/Test1/dist/src/api/routes/login.js:19:8)\n    at Module._compile (internal/modules/cjs/loader.js:738:30)\n    at Object.Module._extensions..js (internal/modules/cjs/loader.js:749:10)\n    at Module.load (internal/modules/cjs/loader.js:630:32)\n    at tryModuleLoad (internal/modules/cjs/loader.js:570:12)\n    at Function.Module._load (internal/modules/cjs/loader.js:562:3)\n    at Module.require (internal/modules/cjs/loader.js:667:17)\n    at require (internal/modules/cjs/helpers.js:20:18)\n    at Object.<anonymous> (/Volumes/Passport/Users/miguel/Documents/development/HackerBay/Test1/dist/app.js:11:14)\n    at Module._compile (internal/modules/cjs/loader.js:738:30)","exception":true,"date":"Sat Apr 18 2020 14:52:47 GMT-0400 (Venezuela Time)","process":{"pid":2074,"uid":501,"gid":20,"cwd":"/Volumes/Passport/Users/miguel/Documents/development/HackerBay/Test1","execPath":"/usr/local/Cellar/node/11.10.0/bin/node","version":"v11.10.0","argv":["/usr/local/Cellar/node/11.10.0/bin/node","/Volumes/Passport/Users/miguel/Documents/development/HackerBay/Test1/dist/app.js"],"memoryUsage":{"rss":37040128,"heapTotal":21184512,"heapUsed":10345352,"external":96385}},"os":{"loadavg":[2.70361328125,2.02099609375,1.7822265625],"uptime":14773},"trace":[{"column":8,"file":"/Volumes/Passport/Users/miguel/Documents/development/HackerBay/Test1/dist/src/api/routes/login.js","function":null,"line":19,"method":null,"native":false},{"column":30,"file":"internal/modules/cjs/loader.js","function":"Module._compile","line":738,"method":"_compile","native":false},{"column":10,"file":"internal/modules/cjs/loader.js","function":"Module._extensions..js","line":749,"method":".js","native":false},{"column":32,"file":"internal/modules/cjs/loader.js","function":"Module.load","line":630,"method":"load","native":false},{"column":12,"file":"internal/modules/cjs/loader.js","function":"tryModuleLoad","line":570,"method":null,"native":false},{"column":3,"file":"internal/modules/cjs/loader.js","function":"Module._load","line":562,"method":"_load","native":false},{"column":17,"file":"internal/modules/cjs/loader.js","function":"Module.require","line":667,"method":"require","native":false},{"column":18,"file":"internal/modules/cjs/helpers.js","function":"require","line":20,"method":null,"native":false},{"column":14,"file":"/Volumes/Passport/Users/miguel/Documents/development/HackerBay/Test1/dist/app.js","function":null,"line":11,"method":null,"native":false},{"column":30,"file":"internal/modules/cjs/loader.js","function":"Module._compile","line":738,"method":"_compile","native":false}]}
{"message":"Token eyJhbGciOiJIUzI1NiIsInR5cCI6IkpXVCJ9.eyJ1c2VybmFtZSI6Im1pZ3VlbCIsImlhdCI6MTU4NzIzNjAzMywiZXhwIjoxNTg3MjM5NjMzfQ.c15jQ1qyYlFm-CV9pIabNkKaFEpI0iAMY3yyorMx_xw","level":"info"}
{"message":"500 - Unexpected token s in JSON at position 0 \n    - /api/v1/patch - POST - ::1","level":"error"}
{"message":"Token eyJhbGciOiJIUzI1NiIsInR5cCI6IkpXVCJ9.eyJ1c2VybmFtZSI6Im1pZ3VlbCIsImlhdCI6MTU4NzIzNjM2NCwiZXhwIjoxNTg3MjM5OTY0fQ.5lv4nD6ms7bs8N7Q_BC7ZSc9kTJCsh30m2Z2M36CABI","level":"info"}
{"message":"500 - Unexpected token s in JSON at position 0 \n    - /api/v1/patch - POST - ::1","level":"error"}
{"message":"500 - Unexpected token s in JSON at position 0 \n    - /api/v1/patch - POST - ::1","level":"error"}
{"message":"Token eyJhbGciOiJIUzI1NiIsInR5cCI6IkpXVCJ9.eyJ1c2VybmFtZSI6Im1pZ3VlbCIsImlhdCI6MTU4NzIzNjcxNSwiZXhwIjoxNTg3MjQwMzE1fQ.aRF79gAeV05HrzLQPPDQ0H1YZmUsAQcU-c_X1Ks7R4Y","level":"info"}
{"message":"500 - Unexpected token s in JSON at position 0 \n    - /api/v1/patch - POST - ::1","level":"error"}
{"message":"Token eyJhbGciOiJIUzI1NiIsInR5cCI6IkpXVCJ9.eyJ1c2VybmFtZSI6Im1pZ3VlbCIsImlhdCI6MTU4NzIzODUzNCwiZXhwIjoxNTg3MjQyMTM0fQ.dSqIeo2nB0_qWYKwjqUsEadiT-qWKoOWJydDKArg1BY","level":"info"}
{"message":"500 - Unexpected token s in JSON at position 0 \n    - /api/v1/patch - POST - ::1","level":"error"}
{"message":"eyJhbGciOiJIUzI1NiIsInR5cCI6IkpXVCJ9.eyJ1c2VybmFtZSI6Im1pZ3VlbCIsImlhdCI6MTU4NzIzODg4MCwiZXhwIjoxNTg3MjQyNDgwfQ.YbRwGAJFUDdsfn2jX60MviBQZNAjCFGo6q2vW_jw1M4","level":"info"}
{"message":"500 - Unexpected token s in JSON at position 0 \n    - /api/v1/patch - POST - ::1","level":"error"}
{"message":"eyJhbGciOiJIUzI1NiIsInR5cCI6IkpXVCJ9.eyJ1c2VybmFtZSI6Im1pZ3VlbCIsImlhdCI6MTU4NzIzODg4MCwiZXhwIjoxNTg3MjQyNDgwfQ.YbRwGAJFUDdsfn2jX60MviBQZNAjCFGo6q2vW_jw1M4","level":"info"}
{"message":"eyJhbGciOiJIUzI1NiIsInR5cCI6IkpXVCJ9.eyJ1c2VybmFtZSI6Im1pZ3VlbCIsImlhdCI6MTU4NzIzODg4MCwiZXhwIjoxNTg3MjQyNDgwfQ.YbRwGAJFUDdsfn2jX60MviBQZNAjCFGo6q2vW_jw1M4","level":"info"}
{"message":"eyJhbGciOiJIUzI1NiIsInR5cCI6IkpXVCJ9.eyJ1c2VybmFtZSI6Im1pZ3VlbCIsImlhdCI6MTU4NzIzODg4MCwiZXhwIjoxNTg3MjQyNDgwfQ.YbRwGAJFUDdsfn2jX60MviBQZNAjCFGo6q2vW_jw1M4","level":"info"}
{"message":"eyJhbGciOiJIUzI1NiIsInR5cCI6IkpXVCJ9.eyJ1c2VybmFtZSI6Im1pZ3VlbCIsImlhdCI6MTU4NzIzODg4MCwiZXhwIjoxNTg3MjQyNDgwfQ.YbRwGAJFUDdsfn2jX60MviBQZNAjCFGo6q2vW_jw1M4","level":"info"}
{"message":"eyJhbGciOiJIUzI1NiIsInR5cCI6IkpXVCJ9.eyJ1c2VybmFtZSI6Im1pZ3VlbCIsImlhdCI6MTU4NzIzOTIxNCwiZXhwIjoxNTg3MjQyODE0fQ.p8Lt4IpKzbu2MLCK2XiwMa-MjVE4AO3OQJsqMJJU9Ok","level":"info"}
{"message":"eyJhbGciOiJIUzI1NiIsInR5cCI6IkpXVCJ9.eyJ1c2VybmFtZSI6Im1pZ3VlbCIsImlhdCI6MTU4NzIzOTIxNCwiZXhwIjoxNTg3MjQyODE0fQ.p8Lt4IpKzbu2MLCK2XiwMa-MjVE4AO3OQJsqMJJU9Ok","level":"info"}
{"message":"eyJhbGciOiJIUzI1NiIsInR5cCI6IkpXVCJ9.eyJ1c2VybmFtZSI6Im1pZ3VlbCIsImlhdCI6MTU4NzIzOTIxNCwiZXhwIjoxNTg3MjQyODE0fQ.p8Lt4IpKzbu2MLCK2XiwMa-MjVE4AO3OQJsqMJJU9Ok","level":"info"}
{"message":"undefined","level":"info"}
{"message":"eyJhbGciOiJIUzI1NiIsInR5cCI6IkpXVCJ9.eyJ1c2VybmFtZSI6Im1pZ3VlbCIsImlhdCI6MTU4NzIzOTM2NywiZXhwIjoxNTg3MjQyOTY3fQ.kV7-7G7QQMWANqZUe_OwhzpiU36mbXT3LmvIgQCRPls","level":"info"}
{"message":"eyJhbGciOiJIUzI1NiIsInR5cCI6IkpXVCJ9.eyJ1c2VybmFtZSI6Im1pZ3VlbCIsImlhdCI6MTU4NzIzOTM2NywiZXhwIjoxNTg3MjQyOTY3fQ.kV7-7G7QQMWANqZUe_OwhzpiU36mbXT3LmvIgQCRPls","level":"info"}
{"message":"eyJhbGciOiJIUzI1NiIsInR5cCI6IkpXVCJ9.eyJ1c2VybmFtZSI6Im1pZ3VlbCIsImlhdCI6MTU4NzIzOTM2NywiZXhwIjoxNTg3MjQyOTY3fQ.kV7-7G7QQMWANqZUe_OwhzpiU36mbXT3LmvIgQCRPls","level":"info"}
{"message":"eyJhbGciOiJIUzI1NiIsInR5cCI6IkpXVCJ9.eyJ1c2VybmFtZSI6Im1pZ3VlbCIsImlhdCI6MTU4NzIzOTM2NywiZXhwIjoxNTg3MjQyOTY3fQ.kV7-7G7QQMWANqZUe_OwhzpiU36mbXT3LmvIgQCRPls","level":"info"}
{"message":"500 - Unexpected token s in JSON at position 0 \n    - /api/v1/patch - POST - ::1","level":"error"}
{"message":"eyJhbGciOiJIUzI1NiIsInR5cCI6IkpXVCJ9.eyJ1c2VybmFtZSI6Im1pZ3VlbCIsImlhdCI6MTU4NzIzOTM2NywiZXhwIjoxNTg3MjQyOTY3fQ.kV7-7G7QQMWANqZUe_OwhzpiU36mbXT3LmvIgQCRPls","level":"info"}
{"message":"eyJhbGciOiJIUzI1NiIsInR5cCI6IkpXVCJ9.eyJ1c2VybmFtZSI6Im1pZ3VlbCIsImlhdCI6MTU4NzIzOTM2NywiZXhwIjoxNTg3MjQyOTY3fQ.kV7-7G7QQMWANqZUe_OwhzpiU36mbXT3LmvIgQCRPls","level":"info"}
{"message":"eyJhbGciOiJIUzI1NiIsInR5cCI6IkpXVCJ9.eyJ1c2VybmFtZSI6Im1pZ3VlbCIsImlhdCI6MTU4NzIzOTM2NywiZXhwIjoxNTg3MjQyOTY3fQ.kV7-7G7QQMWANqZUe_OwhzpiU36mbXT3LmvIgQCRPls","level":"info"}
{"message":"500 - Unexpected token s in JSON at position 0 \n    - /api/v1/patch - POST - ::1","level":"error"}
{"message":"eyJhbGciOiJIUzI1NiIsInR5cCI6IkpXVCJ9.eyJ1c2VybmFtZSI6Im1pZ3VlbCIsImlhdCI6MTU4NzIzOTM2NywiZXhwIjoxNTg3MjQyOTY3fQ.kV7-7G7QQMWANqZUe_OwhzpiU36mbXT3LmvIgQCRPls","level":"info"}
{"message":"500 - Unexpected token s in JSON at position 0 \n    - /api/v1/patch - POST - ::1","level":"error"}
{"message":"eyJhbGciOiJIUzI1NiIsInR5cCI6IkpXVCJ9.eyJ1c2VybmFtZSI6Im1pZ3VlbCIsImlhdCI6MTU4NzIzOTM2NywiZXhwIjoxNTg3MjQyOTY3fQ.kV7-7G7QQMWANqZUe_OwhzpiU36mbXT3LmvIgQCRPls","level":"info"}
{"message":"500 - Unexpected token s in JSON at position 0 \n    - /api/v1/patch - POST - ::1","level":"error"}
{"message":"eyJhbGciOiJIUzI1NiIsInR5cCI6IkpXVCJ9.eyJ1c2VybmFtZSI6Im1pZ3VlbCIsImlhdCI6MTU4NzIzOTM2NywiZXhwIjoxNTg3MjQyOTY3fQ.kV7-7G7QQMWANqZUe_OwhzpiU36mbXT3LmvIgQCRPls","level":"info"}
{"message":"string","level":"info"}
{"message":"500 - Unexpected token s in JSON at position 0 \n    - /api/v1/patch - POST - ::1","level":"error"}
{"message":"400 - Unexpected token \n in JSON at position 14 \n    - /api/v1/patch - POST - ::1","level":"error"}
{"message":"400 - Unexpected token \n in JSON at position 14 \n    - /api/v1/patch - POST - ::1","level":"error"}
{"message":"400 - Unexpected token \n in JSON at position 14 \n    - /api/v1/patch - POST - ::1","level":"error"}
{"message":"eyJhbGciOiJIUzI1NiIsInR5cCI6IkpXVCJ9.eyJ1c2VybmFtZSI6Im1pZ3VlbCIsImlhdCI6MTU4NzIzOTM2NywiZXhwIjoxNTg3MjQyOTY3fQ.kV7-7G7QQMWANqZUe_OwhzpiU36mbXT3LmvIgQCRPls","level":"info"}
{"message":{"baz":"qux","foo":"bar"},"level":"info"}
{"message":"eyJhbGciOiJIUzI1NiIsInR5cCI6IkpXVCJ9.eyJ1c2VybmFtZSI6Im1pZ3VlbCIsImlhdCI6MTU4NzIzOTM2NywiZXhwIjoxNTg3MjQyOTY3fQ.kV7-7G7QQMWANqZUe_OwhzpiU36mbXT3LmvIgQCRPls","level":"info"}
{"message":{},"level":"info"}
{"message":"400 - Unexpected token \n in JSON at position 19 \n    - /api/v1/patch - POST - ::1","level":"error"}
{"message":"eyJhbGciOiJIUzI1NiIsInR5cCI6IkpXVCJ9.eyJ1c2VybmFtZSI6Im1pZ3VlbCIsImlhdCI6MTU4NzIzOTM2NywiZXhwIjoxNTg3MjQyOTY3fQ.kV7-7G7QQMWANqZUe_OwhzpiU36mbXT3LmvIgQCRPls","level":"info"}
{"message":{},"level":"info"}
{"message":"500 - Patch must be an array of operations \n    - /api/v1/patch - POST - ::1","level":"error"}
{"message":"eyJhbGciOiJIUzI1NiIsInR5cCI6IkpXVCJ9.eyJ1c2VybmFtZSI6Im1pZ3VlbCIsImlhdCI6MTU4NzIzOTM2NywiZXhwIjoxNTg3MjQyOTY3fQ.kV7-7G7QQMWANqZUe_OwhzpiU36mbXT3LmvIgQCRPls","level":"info"}
{"message":"eyJhbGciOiJIUzI1NiIsInR5cCI6IkpXVCJ9.eyJ1c2VybmFtZSI6Im1pZ3VlbCIsImlhdCI6MTU4NzIzOTM2NywiZXhwIjoxNTg3MjQyOTY3fQ.kV7-7G7QQMWANqZUe_OwhzpiU36mbXT3LmvIgQCRPls","level":"info"}
{"message":"eyJhbGciOiJIUzI1NiIsInR5cCI6IkpXVCJ9.eyJ1c2VybmFtZSI6Im1pZ3VlbCIsImlhdCI6MTU4NzIzOTM2NywiZXhwIjoxNTg3MjQyOTY3fQ.kV7-7G7QQMWANqZUe_OwhzpiU36mbXT3LmvIgQCRPls","level":"info"}
{"message":"undefined","level":"info"}
{"message":"eyJhbGciOiJIUzI1NiIsInR5cCI6IkpXVCJ9.eyJ1c2VybmFtZSI6Im1pZ3VlbCIsImlhdCI6MTU4NzI0MzA3NSwiZXhwIjoxNTg3MjQ2Njc1fQ.55H0AOuXephYoISTGaHeglGSOI1f3Z_v-F5Yu84qc5E","level":"info"}
{"message":"eyJhbGciOiJIUzI1NiIsInR5cCI6IkpXVCJ9.eyJ1c2VybmFtZSI6Im1pZ3VlbCIsImlhdCI6MTU4NzI0MzA3NSwiZXhwIjoxNTg3MjQ2Njc1fQ.55H0AOuXephYoISTGaHeglGSOI1f3Z_v-F5Yu84qc5E","level":"info"}
{"message":"eyJhbGciOiJIUzI1NiIsInR5cCI6IkpXVCJ9.eyJ1c2VybmFtZSI6Im1pZ3VlbCIsImlhdCI6MTU4NzI0MzA3NSwiZXhwIjoxNTg3MjQ2Njc1fQ.55H0AOuXephYoISTGaHeglGSOI1f3Z_v-F5Yu84qc5E","level":"info"}
{"message":"eyJhbGciOiJIUzI1NiIsInR5cCI6IkpXVCJ9.eyJ1c2VybmFtZSI6Im1pZ3VlbCIsImlhdCI6MTU4NzI0MzA3NSwiZXhwIjoxNTg3MjQ2Njc1fQ.55H0AOuXephYoISTGaHeglGSOI1f3Z_v-F5Yu84qc5E","level":"info"}
{"message":"undefined","level":"info"}
{"message":"eyJhbGciOiJIUzI1NiIsInR5cCI6IkpXVCJ9.eyJ1c2VybmFtZSI6Im1pZ3VlbCIsImlhdCI6MTU4NzI0NDA2OSwiZXhwIjoxNTg3MjQ3NjY5fQ.5pZDg0uI-GJHtzH2bUy9uxU8IZuc9n9cM9gEeBtXTiA","level":"info"}
{"error":{},"level":"error","message":"uncaughtException: logger is not defined\nReferenceError: logger is not defined\n    at WriteStream.<anonymous> (/Volumes/Passport/Users/miguel/Documents/development/HackerBay/Test1/dist/src/api/routes/thumb.js:60:9)\n    at WriteStream.emit (events.js:197:13)\n    at fs.close (internal/fs/streams.js:209:14)\n    at FSReqCallback.args [as oncomplete] (fs.js:145:20)","stack":"ReferenceError: logger is not defined\n    at WriteStream.<anonymous> (/Volumes/Passport/Users/miguel/Documents/development/HackerBay/Test1/dist/src/api/routes/thumb.js:60:9)\n    at WriteStream.emit (events.js:197:13)\n    at fs.close (internal/fs/streams.js:209:14)\n    at FSReqCallback.args [as oncomplete] (fs.js:145:20)","exception":true,"date":"Sat Apr 18 2020 17:08:11 GMT-0400 (Venezuela Time)","process":{"pid":2540,"uid":501,"gid":20,"cwd":"/Volumes/Passport/Users/miguel/Documents/development/HackerBay/Test1","execPath":"/usr/local/Cellar/node/11.10.0/bin/node","version":"v11.10.0","argv":["/usr/local/Cellar/node/11.10.0/bin/node","/Volumes/Passport/Users/miguel/Documents/development/HackerBay/Test1/dist/app.js"],"memoryUsage":{"rss":51208192,"heapTotal":26492928,"heapUsed":20822200,"external":84548}},"os":{"loadavg":[2.32763671875,2.06884765625,2.18017578125],"uptime":22897},"trace":[{"column":9,"file":"/Volumes/Passport/Users/miguel/Documents/development/HackerBay/Test1/dist/src/api/routes/thumb.js","function":null,"line":60,"method":null,"native":false},{"column":13,"file":"events.js","function":"WriteStream.emit","line":197,"method":"emit","native":false},{"column":14,"file":"internal/fs/streams.js","function":"fs.close","line":209,"method":"close","native":false},{"column":20,"file":"fs.js","function":"FSReqCallback.args [as oncomplete]","line":145,"method":"args [as oncomplete]","native":false}]}
{"message":"eyJhbGciOiJIUzI1NiIsInR5cCI6IkpXVCJ9.eyJ1c2VybmFtZSI6Im1pZ3VlbCIsImlhdCI6MTU4NzI0NDA2OSwiZXhwIjoxNTg3MjQ3NjY5fQ.5pZDg0uI-GJHtzH2bUy9uxU8IZuc9n9cM9gEeBtXTiA","level":"info"}
{"message":"Image complete","level":"info"}
{"message":"eyJhbGciOiJIUzI1NiIsInR5cCI6IkpXVCJ9.eyJ1c2VybmFtZSI6Im1pZ3VlbCIsImlhdCI6MTU4NzI0NDA2OSwiZXhwIjoxNTg3MjQ3NjY5fQ.5pZDg0uI-GJHtzH2bUy9uxU8IZuc9n9cM9gEeBtXTiA","level":"info"}
{"message":"Image complete","level":"info"}
{"message":"eyJhbGciOiJIUzI1NiIsInR5cCI6IkpXVCJ9.eyJ1c2VybmFtZSI6Im1pZ3VlbCIsImlhdCI6MTU4NzI0NDg3MSwiZXhwIjoxNTg3MjQ4NDcxfQ.2Nb46EmEBou26DBAcIoVeFpXjA4Hw04KEUXOum4afe4","level":"info"}
{"message":"Image complete","level":"info"}
{"error":{},"level":"error","message":"uncaughtException: img is not defined\nReferenceError: img is not defined\n    at WriteStream.<anonymous> (/Volumes/Passport/Users/miguel/Documents/development/HackerBay/Test1/dist/src/api/routes/thumb.js:65:13)\n    at WriteStream.emit (events.js:197:13)\n    at fs.close (internal/fs/streams.js:209:14)\n    at FSReqCallback.args [as oncomplete] (fs.js:145:20)","stack":"ReferenceError: img is not defined\n    at WriteStream.<anonymous> (/Volumes/Passport/Users/miguel/Documents/development/HackerBay/Test1/dist/src/api/routes/thumb.js:65:13)\n    at WriteStream.emit (events.js:197:13)\n    at fs.close (internal/fs/streams.js:209:14)\n    at FSReqCallback.args [as oncomplete] (fs.js:145:20)","exception":true,"date":"Sat Apr 18 2020 17:21:41 GMT-0400 (Venezuela Time)","process":{"pid":2596,"uid":501,"gid":20,"cwd":"/Volumes/Passport/Users/miguel/Documents/development/HackerBay/Test1","execPath":"/usr/local/Cellar/node/11.10.0/bin/node","version":"v11.10.0","argv":["/usr/local/Cellar/node/11.10.0/bin/node","/Volumes/Passport/Users/miguel/Documents/development/HackerBay/Test1/dist/app.js"],"memoryUsage":{"rss":50991104,"heapTotal":26492928,"heapUsed":20623864,"external":61656}},"os":{"loadavg":[1.73046875,1.8427734375,1.98046875],"uptime":23707},"trace":[{"column":13,"file":"/Volumes/Passport/Users/miguel/Documents/development/HackerBay/Test1/dist/src/api/routes/thumb.js","function":null,"line":65,"method":null,"native":false},{"column":13,"file":"events.js","function":"WriteStream.emit","line":197,"method":"emit","native":false},{"column":14,"file":"internal/fs/streams.js","function":"fs.close","line":209,"method":"close","native":false},{"column":20,"file":"fs.js","function":"FSReqCallback.args [as oncomplete]","line":145,"method":"args [as oncomplete]","native":false}]}
{"message":"eyJhbGciOiJIUzI1NiIsInR5cCI6IkpXVCJ9.eyJ1c2VybmFtZSI6Im1pZ3VlbCIsImlhdCI6MTU4NzI0NDg3MSwiZXhwIjoxNTg3MjQ4NDcxfQ.2Nb46EmEBou26DBAcIoVeFpXjA4Hw04KEUXOum4afe4","level":"info"}
{"message":"Image complete","level":"info"}
{"message":"eyJhbGciOiJIUzI1NiIsInR5cCI6IkpXVCJ9.eyJ1c2VybmFtZSI6Im1pZ3VlbCIsImlhdCI6MTU4NzI0NDg3MSwiZXhwIjoxNTg3MjQ4NDcxfQ.2Nb46EmEBou26DBAcIoVeFpXjA4Hw04KEUXOum4afe4","level":"info"}
{"message":"Image complete","level":"info"}
{"error":{},"level":"error","message":"uncaughtException: Cannot read property 'uri' of undefined\nTypeError: Cannot read property 'uri' of undefined\n    at WriteStream.<anonymous> (/Volumes/Passport/Users/miguel/Documents/development/HackerBay/Test1/dist/src/api/routes/thumb.js:66:41)\n    at WriteStream.emit (events.js:197:13)\n    at fs.close (internal/fs/streams.js:209:14)\n    at FSReqCallback.args [as oncomplete] (fs.js:145:20)","stack":"TypeError: Cannot read property 'uri' of undefined\n    at WriteStream.<anonymous> (/Volumes/Passport/Users/miguel/Documents/development/HackerBay/Test1/dist/src/api/routes/thumb.js:66:41)\n    at WriteStream.emit (events.js:197:13)\n    at fs.close (internal/fs/streams.js:209:14)\n    at FSReqCallback.args [as oncomplete] (fs.js:145:20)","exception":true,"date":"Sat Apr 18 2020 17:23:42 GMT-0400 (Venezuela Time)","process":{"pid":2620,"uid":501,"gid":20,"cwd":"/Volumes/Passport/Users/miguel/Documents/development/HackerBay/Test1","execPath":"/usr/local/Cellar/node/11.10.0/bin/node","version":"v11.10.0","argv":["/usr/local/Cellar/node/11.10.0/bin/node","/Volumes/Passport/Users/miguel/Documents/development/HackerBay/Test1/dist/app.js"],"memoryUsage":{"rss":66236416,"heapTotal":59523072,"heapUsed":21678528,"external":194910}},"os":{"loadavg":[2.1162109375,1.90966796875,1.986328125],"uptime":23828},"trace":[{"column":41,"file":"/Volumes/Passport/Users/miguel/Documents/development/HackerBay/Test1/dist/src/api/routes/thumb.js","function":null,"line":66,"method":null,"native":false},{"column":13,"file":"events.js","function":"WriteStream.emit","line":197,"method":"emit","native":false},{"column":14,"file":"internal/fs/streams.js","function":"fs.close","line":209,"method":"close","native":false},{"column":20,"file":"fs.js","function":"FSReqCallback.args [as oncomplete]","line":145,"method":"args [as oncomplete]","native":false}]}
{"message":"App is running on  http://localhost:3000","level":"info"}
{"message":"eyJhbGciOiJIUzI1NiIsInR5cCI6IkpXVCJ9.eyJ1c2VybmFtZSI6Im1pZ3VlbCIsImlhdCI6MTU4NzI0NDg3MSwiZXhwIjoxNTg3MjQ4NDcxfQ.2Nb46EmEBou26DBAcIoVeFpXjA4Hw04KEUXOum4afe4","level":"info"}
{"message":"Image Downloaded","level":"info"}
{"message":"Image Resized","level":"info"}
